This is pdfTeX, Version 3.1415926-1.40.11 (MiKTeX 2.9) (preloaded format=pdflatex 2011.4.13)  8 JAN 2013 09:57
entering extended mode
**pietromacro.tex

("C:\Users\gcostant\Dropbox\PhD Giulia\SVN workspace Pietro\Hypercubes\pietroma
cro.tex"
LaTeX2e <2009/09/24>
Babel <v3.8l> and hyphenation patterns for english, dumylang, nohyphenation, ge
rman, ngerman, french, dutch, loaded.
)
! Emergency stop.
<*> pietromacro.tex
                   
*** (job aborted, no legal \end found)

 
Here is how much of TeX's memory you used:
 108 strings out of 495281
 1278 string characters out of 3181701
 45086 words of memory out of 3000000
 3395 multiletter control sequences out of 15000+200000
 3640 words of font info for 14 fonts, out of 3000000 for 9000
 54 hyphenation exceptions out of 8191
 7i,0n,6p,163b,8s stack positions out of 5000i,500n,10000p,200000b,50000s
!  ==> Fatal error occurred, no output PDF file produced!
