Base path: C:/Program Files (x86)/Unity/Editor/Data
Pipe name: \\.\pipe\UnityShaderCompiler-4-13380
Cmd: getPlatforms
Cmd: compileSnippet
  api=8 type=0 insize=3341 outsize=3072 kw=WATER_REFRACTIVE ok=1
Cmd: compileSnippet
  api=1 type=0 insize=3341 outsize=449 kw=WATER_REFLECTIVE ok=1
Cmd: compileSnippet
  api=0 type=0 insize=3341 outsize=636 kw=WATER_SIMPLE ok=1
Cmd: compileSnippet
  api=1 type=1 insize=3341 outsize=810 kw=WATER_REFRACTIVE ok=1
Cmd: compileSnippet
  api=1 type=1 insize=3341 outsize=679 kw=WATER_SIMPLE ok=1
Cmd: compileSnippet
  api=8 type=0 insize=4376 outsize=3811 kw=DIRECTIONAL SHADOWS_OFF LIGHTMAP_OFF DIRLIGHTMAP_OFF ok=1
Cmd: compileSnippet
  api=1 type=0 insize=4376 outsize=190 kw=DIRECTIONAL SHADOWS_OFF LIGHTMAP_ON DIRLIGHTMAP_OFF ok=1
Cmd: compileSnippet
  api=8 type=0 insize=4376 outsize=2048 kw=DIRECTIONAL SHADOWS_OFF LIGHTMAP_ON DIRLIGHTMAP_ON ok=1
Cmd: compileSnippet
  api=8 type=0 insize=4376 outsize=4380 kw=DIRECTIONAL SHADOWS_SCREEN LIGHTMAP_OFF DIRLIGHTMAP_OFF ok=1
Cmd: compileSnippet
  api=1 type=0 insize=4376 outsize=319 kw=DIRECTIONAL SHADOWS_SCREEN LIGHTMAP_ON DIRLIGHTMAP_ON ok=1
Cmd: compileSnippet
  api=4 type=0 insize=4376 outsize=4329 kw=DIRECTIONAL SHADOWS_OFF LIGHTMAP_OFF DIRLIGHTMAP_OFF VERTEXLIGHT_ON ok=1
Cmd: compileSnippet
  api=0 type=0 insize=4376 outsize=1693 kw=DIRECTIONAL SHADOWS_SCREEN LIGHTMAP_OFF DIRLIGHTMAP_OFF VERTEXLIGHT_ON ok=1
Cmd: compileSnippet
  api=4 type=0 insize=4376 outsize=4719 kw=DIRECTIONAL SHADOWS_SCREEN LIGHTMAP_OFF DIRLIGHTMAP_OFF VERTEXLIGHT_ON ok=1
Cmd: compileSnippet
  api=1 type=1 insize=4376 outsize=373 kw=DIRECTIONAL SHADOWS_OFF LIGHTMAP_OFF DIRLIGHTMAP_OFF ok=1
Cmd: compileSnippet
  api=8 type=1 insize=4376 outsize=1942 kw=DIRECTIONAL SHADOWS_OFF LIGHTMAP_ON DIRLIGHTMAP_OFF ok=1
Cmd: compileSnippet
  api=8 type=1 insize=4376 outsize=1942 kw=DIRECTIONAL SHADOWS_OFF LIGHTMAP_ON DIRLIGHTMAP_ON ok=1
Cmd: compileSnippet
  api=4 type=1 insize=4376 outsize=1745 kw=DIRECTIONAL SHADOWS_SCREEN LIGHTMAP_OFF DIRLIGHTMAP_OFF ok=1
Cmd: compileSnippet
  api=0 type=1 insize=4376 outsize=528 kw=DIRECTIONAL SHADOWS_SCREEN LIGHTMAP_ON DIRLIGHTMAP_OFF ok=1
Cmd: compileSnippet
  api=4 type=1 insize=4376 outsize=1851 kw=DIRECTIONAL SHADOWS_SCREEN LIGHTMAP_ON DIRLIGHTMAP_ON ok=1
Cmd: compileSnippet
  api=1 type=0 insize=2339 outsize=383 kw=POINT ok=1
Cmd: compileSnippet
  api=0 type=0 insize=2339 outsize=854 kw=SPOT ok=1
Cmd: compileSnippet
  api=0 type=0 insize=2339 outsize=817 kw=POINT_COOKIE ok=1
Cmd: compileSnippet
  api=1 type=0 insize=2339 outsize=359 kw=DIRECTIONAL_COOKIE ok=1
Cmd: compileSnippet
  api=1 type=1 insize=2339 outsize=500 kw=POINT ok=1
Cmd: compileSnippet
  api=0 type=1 insize=2339 outsize=789 kw=SPOT ok=1
Cmd: compileSnippet
  api=8 type=1 insize=2339 outsize=2958 kw=POINT_COOKIE ok=1
Cmd: compileSnippet
  api=8 type=1 insize=2339 outsize=2413 kw=DIRECTIONAL_COOKIE ok=1
Cmd: compileSnippet
  api=8 type=0 insize=1998 outsize=2405 kw= ok=1
Cmd: compileSnippet
  api=8 type=1 insize=1998 outsize=1568 kw= ok=1
Cmd: compileSnippet
  api=8 type=0 insize=4076 outsize=4242 kw=LIGHTMAP_OFF DIRLIGHTMAP_OFF HDR_LIGHT_PREPASS_OFF ok=1
Cmd: compileSnippet
  api=0 type=0 insize=4076 outsize=534 kw=LIGHTMAP_ON DIRLIGHTMAP_ON HDR_LIGHT_PREPASS_OFF ok=1
Cmd: compileSnippet
  api=4 type=0 insize=4076 outsize=1883 kw=LIGHTMAP_ON DIRLIGHTMAP_ON HDR_LIGHT_PREPASS_OFF ok=1
Cmd: compileSnippet
  api=1 type=0 insize=4076 outsize=639 kw=LIGHTMAP_OFF DIRLIGHTMAP_OFF HDR_LIGHT_PREPASS_ON ok=1
Cmd: compileSnippet
  api=4 type=0 insize=4076 outsize=2883 kw=LIGHTMAP_ON DIRLIGHTMAP_OFF HDR_LIGHT_PREPASS_ON ok=1
Cmd: compileSnippet
  api=0 type=0 insize=4076 outsize=534 kw=LIGHTMAP_ON DIRLIGHTMAP_ON HDR_LIGHT_PREPASS_ON ok=1
Cmd: compileSnippet
  api=1 type=1 insize=4076 outsize=351 kw=LIGHTMAP_OFF DIRLIGHTMAP_OFF HDR_LIGHT_PREPASS_OFF ok=1
Cmd: compileSnippet
  api=4 type=1 insize=4076 outsize=2273 kw=LIGHTMAP_ON DIRLIGHTMAP_OFF HDR_LIGHT_PREPASS_OFF ok=1
Cmd: compileSnippet
  api=1 type=1 insize=4076 outsize=296 kw=LIGHTMAP_OFF DIRLIGHTMAP_OFF HDR_LIGHT_PREPASS_ON ok=1
Cmd: compileSnippet
  api=0 type=1 insize=4076 outsize=680 kw=LIGHTMAP_ON DIRLIGHTMAP_OFF HDR_LIGHT_PREPASS_ON ok=1
Cmd: compileSnippet
  api=4 type=1 insize=4076 outsize=2225 kw=LIGHTMAP_ON DIRLIGHTMAP_OFF HDR_LIGHT_PREPASS_ON ok=1
Cmd: compileSnippet
  api=8 type=1 insize=4076 outsize=2373 kw=LIGHTMAP_ON DIRLIGHTMAP_ON HDR_LIGHT_PREPASS_ON ok=1
Unhandled exception: Readfile from pipe failed. GLE=Pipe terminata.


Quitting shader compiler process
